Mplus VERSION 7 (Linux)
MUTHEN & MUTHEN
11/03/2025   1:02 PM

INPUT INSTRUCTIONS

  TITLE: Tarea 2 - Matriz Policorica
  DATA:
    FILE = "pisadse.dat";
  VARIABLE:
      NAMES = CNT sex programming logical_solution identify_error search_info
              evaluate_info share_content pair_collab explain_content write_text;
              ! Da WARNING por la longitud de los nombres, se dejan los nombres descriptivos

      USEVARIABLES = programming logical_solution identify_error
                     search_info evaluate_info share_content
                     pair_collab explain_content write_text;

      CATEGORICAL ARE programming logical_solution identify_error
                      search_info evaluate_info share_content
                      pair_collab explain_content write_text;
      MISSING=.;

  ANALYSIS:
    TYPE = BASIC;

  OUTPUT:
    SAMPSTAT;



*** WARNING
  Variable name contains more than 8 characters.
  Only the first 8 characters will be printed in the output.
  Variable: PROGRAMMING
*** WARNING
  Variable name contains more than 8 characters.
  Only the first 8 characters will be printed in the output.
  Variable: LOGICAL_SOLUTION
*** WARNING
  Variable name contains more than 8 characters.
  Only the first 8 characters will be printed in the output.
  Variable: IDENTIFY_ERROR
*** WARNING
  Variable name contains more than 8 characters.
  Only the first 8 characters will be printed in the output.
  Variable: SEARCH_INFO
*** WARNING
  Variable name contains more than 8 characters.
  Only the first 8 characters will be printed in the output.
  Variable: EVALUATE_INFO
*** WARNING
  Variable name contains more than 8 characters.
  Only the first 8 characters will be printed in the output.
  Variable: SHARE_CONTENT
*** WARNING
  Variable name contains more than 8 characters.
  Only the first 8 characters will be printed in the output.
  Variable: PAIR_COLLAB
*** WARNING
  Variable name contains more than 8 characters.
  Only the first 8 characters will be printed in the output.
  Variable: EXPLAIN_CONTENT
*** WARNING
  Variable name contains more than 8 characters.
  Only the first 8 characters will be printed in the output.
  Variable: WRITE_TEXT
   9 WARNING(S) FOUND IN THE INPUT INSTRUCTIONS



Tarea 2 - Matriz Policorica

SUMMARY OF ANALYSIS

Number of groups                                                 1
Number of observations                                        4992

Number of dependent variables                                    9
Number of independent variables                                  0
Number of continuous latent variables                            0

Observed dependent variables

  Binary and ordered categorical (ordinal)
   PROGRAMM    LOGICAL_    IDENTIFY    SEARCH_I    EVALUATE    SHARE_CO
   PAIR_COL    EXPLAIN_    WRITE_TE


Estimator                                                    WLSMV
Maximum number of iterations                                  1000
Convergence criterion                                    0.500D-04
Maximum number of steepest descent iterations                   20
Maximum number of iterations for H1                           2000
Convergence criterion for H1                             0.100D-03
Parameterization                                             DELTA

Input data file(s)
  pisadse.dat

Input data format  FREE


SUMMARY OF DATA

     Number of missing data patterns           197


SUMMARY OF MISSING DATA PATTERNS


     MISSING DATA PATTERNS (x = not missing)

           1  2  3  4  5  6  7  8  9 10 11 12 13 14 15 16 17 18 19 20
 PROGRAMM  x  x  x  x  x  x  x  x  x  x  x  x  x  x  x  x  x  x  x  x
 LOGICAL_  x  x  x  x  x  x  x  x  x  x  x  x  x  x  x  x  x  x  x  x
 IDENTIFY  x  x  x  x  x  x  x  x  x  x  x  x  x  x  x  x  x  x  x  x
 SEARCH_I  x  x  x  x  x  x  x  x  x  x  x  x  x  x  x  x  x  x  x  x
 EVALUATE  x  x  x  x  x  x  x  x  x  x  x  x  x
 SHARE_CO  x  x  x  x  x  x  x                    x  x  x  x  x
 PAIR_COL  x  x  x  x           x  x              x  x  x        x  x
 EXPLAIN_  x  x        x  x     x     x  x        x  x     x  x  x
 WRITE_TE  x     x     x     x  x  x  x     x     x     x  x     x  x

          21 22 23 24 25 26 27 28 29 30 31 32 33 34 35 36 37 38 39 40
 PROGRAMM  x  x  x  x  x  x  x  x  x  x  x  x  x  x  x  x  x  x  x  x
 LOGICAL_  x  x  x  x  x  x  x  x  x  x  x  x  x  x  x  x  x  x  x  x
 IDENTIFY  x  x  x  x  x  x  x  x  x  x  x  x  x  x  x  x  x  x  x  x
 SEARCH_I  x  x  x  x
 EVALUATE              x  x  x  x  x  x  x
 SHARE_CO              x  x  x  x           x  x  x  x  x
 PAIR_COL  x           x  x  x     x  x     x  x  x  x     x  x  x  x
 EXPLAIN_     x        x  x     x  x        x  x        x  x  x
 WRITE_TE        x     x     x  x  x  x     x     x     x  x     x

          41 42 43 44 45 46 47 48 49 50 51 52 53 54 55 56 57 58 59 60
 PROGRAMM  x  x  x  x  x  x  x  x  x  x  x  x  x  x  x  x  x  x  x  x
 LOGICAL_  x  x  x  x  x  x  x  x  x  x  x  x  x  x  x  x  x  x  x
 IDENTIFY  x  x  x                                                  x
 SEARCH_I           x  x  x  x  x  x  x  x  x  x  x                 x
 EVALUATE           x  x  x  x  x  x  x              x  x  x        x
 SHARE_CO           x  x  x  x  x  x     x  x        x        x     x
 PAIR_COL           x  x  x  x        x  x  x           x        x  x
 EXPLAIN_  x        x  x        x     x  x  x  x     x           x  x
 WRITE_TE  x  x     x     x     x  x  x  x        x  x  x     x  x  x

          61 62 63 64 65 66 67 68 69 70 71 72 73 74 75 76 77 78 79 80
 PROGRAMM  x  x  x  x  x  x  x  x  x  x  x  x  x  x  x  x  x  x  x  x
 LOGICAL_
 IDENTIFY  x  x  x  x  x  x  x  x  x  x  x  x  x  x  x  x  x  x  x
 SEARCH_I  x  x  x  x  x  x  x  x  x  x  x  x                       x
 EVALUATE  x  x  x  x  x  x  x  x  x           x  x  x  x           x
 SHARE_CO  x  x  x  x                 x  x  x  x  x  x     x  x     x
 PAIR_COL  x  x        x  x  x        x  x  x  x  x        x        x
 EXPLAIN_  x     x     x  x     x     x  x     x  x  x  x     x     x
 WRITE_TE     x  x     x     x  x  x  x     x  x     x        x     x

          81 82 83 84 85 86 87 88 89 90 91 92 93 94 95 96 97 98 99 100
 PROGRAMM  x  x  x  x  x  x  x  x  x  x  x  x  x  x  x  x  x  x  x   x
 LOGICAL_
 IDENTIFY
 SEARCH_I  x  x  x  x  x  x  x  x  x  x
 EVALUATE  x  x  x  x  x                 x  x  x  x
 SHARE_CO  x  x  x        x  x  x        x  x  x     x
 PAIR_COL  x  x     x     x  x     x     x  x     x     x  x  x
 EXPLAIN_  x     x  x     x     x  x     x     x        x
 WRITE_TE     x  x  x     x     x  x     x              x  x     x

          101 102 103 104 105 106 107 108 109 110 111 112 113 114 115
 PROGRAMM
 LOGICAL_   x   x   x   x   x   x   x   x   x   x   x   x   x   x   x
 IDENTIFY   x   x   x   x   x   x   x   x   x   x   x   x   x   x   x
 SEARCH_I   x   x   x   x   x   x   x   x   x   x   x   x
 EVALUATE   x   x   x   x   x   x   x   x                   x   x   x
 SHARE_CO   x   x   x   x   x               x   x   x       x   x
 PAIR_COL   x   x   x           x   x   x   x   x           x       x
 EXPLAIN_   x   x       x       x   x       x       x           x   x
 WRITE_TE   x       x   x   x   x       x   x               x       x

          116 117 118 119 120 121 122 123 124 125 126 127 128 129 130
 PROGRAMM
 LOGICAL_   x   x   x   x   x   x   x   x   x   x   x   x   x   x   x
 IDENTIFY   x   x   x   x   x   x   x   x   x
 SEARCH_I                                       x   x   x   x   x   x
 EVALUATE   x                                   x   x   x   x   x
 SHARE_CO       x   x   x   x   x               x   x   x   x   x   x
 PAIR_COL       x   x   x           x           x   x   x   x       x
 EXPLAIN_   x   x                       x       x   x           x   x
 WRITE_TE       x   x       x       x   x       x       x       x   x

          131 132 133 134 135 136 137 138 139 140 141 142 143 144 145
 PROGRAMM
 LOGICAL_   x   x   x   x   x   x   x
 IDENTIFY                               x   x   x   x   x   x   x   x
 SEARCH_I   x                           x   x   x   x   x   x   x
 EVALUATE       x   x   x   x           x   x   x   x   x           x
 SHARE_CO   x   x   x   x               x   x   x           x   x   x
 PAIR_COL       x   x                   x   x       x   x   x   x   x
 EXPLAIN_   x   x       x   x   x       x   x   x   x       x       x
 WRITE_TE       x   x       x   x       x       x   x       x   x   x

          146 147 148 149 150 151 152 153 154 155 156 157 158 159 160
 PROGRAMM
 LOGICAL_
 IDENTIFY   x   x   x   x   x   x
 SEARCH_I                           x   x   x   x   x   x   x   x   x
 EVALUATE   x                       x   x   x   x   x   x   x   x   x
 SHARE_CO       x   x               x   x   x   x   x   x
 PAIR_COL   x   x       x           x   x   x               x   x   x
 EXPLAIN_           x   x   x       x   x       x   x       x   x
 WRITE_TE   x                       x           x           x

          161 162 163 164 165 166 167 168 169 170 171 172 173 174 175
 PROGRAMM
 LOGICAL_
 IDENTIFY
 SEARCH_I   x   x   x   x   x   x   x   x   x   x   x   x   x   x
 EVALUATE   x                                                       x
 SHARE_CO       x   x   x   x   x   x                               x
 PAIR_COL       x   x                   x   x   x   x               x
 EXPLAIN_       x       x   x           x   x           x           x
 WRITE_TE       x   x   x       x       x       x           x       x

          176 177 178 179 180 181 182 183 184 185 186 187 188 189 190
 PROGRAMM
 LOGICAL_
 IDENTIFY
 SEARCH_I
 EVALUATE   x   x   x   x   x   x   x   x   x
 SHARE_CO   x   x   x                           x   x   x   x   x   x
 PAIR_COL   x           x   x   x               x   x   x
 EXPLAIN_       x       x           x           x   x       x   x
 WRITE_TE                   x           x       x           x

          191 192 193 194 195 196 197
 PROGRAMM
 LOGICAL_
 IDENTIFY
 SEARCH_I
 EVALUATE
 SHARE_CO
 PAIR_COL   x   x   x   x
 EXPLAIN_   x   x           x   x
 WRITE_TE   x       x       x       x


     MISSING DATA PATTERN FREQUENCIES

    Pattern   Frequency     Pattern   Frequency     Pattern   Frequency
          1        3921          67           1         133           1
          2          54          68           1         134           1
          3          52          69           1         135           1
          4          14          70           5         136           1
          5          40          71           1         137           2
          6           7          72           1         138          23
          7           3          73           2         139           2
          8          54          74           1         140           2
          9           2          75           1         141           1
         10           3          76           2         142           1
         11           2          77           2         143           3
         12           3          78           1         144           1
         13           1          79           2         145           1
         14          50          80          31         146           1
         15           3          81           2         147           1
         16           2          82           4         148           1
         17           6          83           3         149           1
         18           1          84           2         150           2
         19           3          85           1         151           3
         20           1          86           1         152          65
         21           1          87           1         153           6
         22           1          88           1         154           8
         23           1          89           2         155           2
         24           1          90           1         156           6
         25          35          91           3         157           7
         26           5          92           1         158           1
         27           2          93           2         159           2
         28           2          94           1         160           2
         29           4          95           2         161          14
         30           1          96           1         162           2
         31           3          97           1         163           1
         32          11          98           1         164           1
         33           1          99           1         165           1
         34           1         100           4         166           1
         35           1         101          64         167           3
         36           1         102           3         168           1
         37           2         103           5         169           2
         38           1         104           2         170           1
         39           2         105           1         171           1
         40           1         106           2         172           3
         41           1         107           2         173           2
         42           2         108           2         174          28
         43           9         109           5         175           2
         44          35         110           1         176           1
         45           3         111           1         177           3
         46          23         112           2         178           1
         47           2         113           1         179           1
         48           2         114           2         180           1
         49           1         115           2         181           2
         50           1         116           1         182           2
         51           3         117           1         183           1
         52           1         118           1         184          10
         53           1         119           1         185           2
         54           1         120           1         186           2
         55           1         121           1         187           2
         56           1         122           1         188           2
         57           1         123           1         189           4
         58           1         124           3         190          11
         59           1         125          14         191           2
         60          75         126           2         192           3
         61          10         127           1         193           4
         62           3         128           1         194           3
         63           4         129           1         195           3
         64           1         130           2         196           8
         65           6         131           1         197           6
         66           2         132           2


COVARIANCE COVERAGE OF DATA

Minimum covariance coverage value   0.100


     PROPORTION OF DATA PRESENT


           Covariance Coverage
              PROGRAMM      LOGICAL_      IDENTIFY      SEARCH_I      EVALUATE
              ________      ________      ________      ________      ________
 PROGRAMM       0.917
 LOGICAL_       0.879         0.906
 IDENTIFY       0.888         0.885         0.918
 SEARCH_I       0.893         0.884         0.893         0.954
 EVALUATE       0.889         0.879         0.889         0.924         0.945
 SHARE_CO       0.890         0.881         0.890         0.922         0.916
 PAIR_COL       0.892         0.883         0.893         0.921         0.916
 EXPLAIN_       0.884         0.875         0.890         0.913         0.908
 WRITE_TE       0.887         0.879         0.887         0.912         0.906


           Covariance Coverage
              SHARE_CO      PAIR_COL      EXPLAIN_      WRITE_TE
              ________      ________      ________      ________
 SHARE_CO       0.947
 PAIR_COL       0.919         0.946
 EXPLAIN_       0.913         0.912         0.939
 WRITE_TE       0.909         0.914         0.907         0.935


UNIVARIATE PROPORTIONS AND COUNTS FOR CATEGORICAL VARIABLES

    PROGRAMM
      Category 1    0.226     1036.000
      Category 2    0.228     1042.000
      Category 3    0.296     1355.000
      Category 4    0.250     1144.000
    LOGICAL_
      Category 1    0.186      841.000
      Category 2    0.205      927.000
      Category 3    0.312     1413.000
      Category 4    0.297     1344.000
    IDENTIFY
      Category 1    0.187      856.000
      Category 2    0.214      980.000
      Category 3    0.319     1460.000
      Category 4    0.281     1286.000
    SEARCH_I
      Category 1    0.085      405.000
      Category 2    0.075      358.000
      Category 3    0.234     1115.000
      Category 4    0.606     2886.000
    EVALUATE
      Category 1    0.059      279.000
      Category 2    0.109      512.000
      Category 3    0.336     1586.000
      Category 4    0.496     2340.000
    SHARE_CO
      Category 1    0.059      281.000
      Category 2    0.092      433.000
      Category 3    0.293     1384.000
      Category 4    0.556     2627.000
    PAIR_COL
      Category 1    0.054      256.000
      Category 2    0.091      428.000
      Category 3    0.296     1395.000
      Category 4    0.560     2641.000
    EXPLAIN_
      Category 1    0.064      302.000
      Category 2    0.098      461.000
      Category 3    0.330     1549.000
      Category 4    0.507     2376.000
    WRITE_TE
      Category 1    0.052      241.000
      Category 2    0.098      456.000
      Category 3    0.284     1328.000
      Category 4    0.566     2645.000





RESULTS FOR BASIC ANALYSIS


     ESTIMATED SAMPLE STATISTICS


           MEANS/INTERCEPTS/THRESHOLDS
              PROGRAMM      PROGRAMM      PROGRAMM      LOGICAL_      LOGICAL_
              ________      ________      ________      ________      ________
      1        -0.751        -0.116         0.675        -0.893        -0.277


           MEANS/INTERCEPTS/THRESHOLDS
              LOGICAL_      IDENTIFY      IDENTIFY      IDENTIFY      SEARCH_I
              ________      ________      ________      ________      ________
      1         0.533        -0.890        -0.252         0.581        -1.372


           MEANS/INTERCEPTS/THRESHOLDS
              SEARCH_I      SEARCH_I      EVALUATE      EVALUATE      EVALUATE
              ________      ________      ________      ________      ________
      1        -0.994        -0.268        -1.562        -0.963         0.010


           MEANS/INTERCEPTS/THRESHOLDS
              SHARE_CO      SHARE_CO      SHARE_CO      PAIR_COL      PAIR_COL
              ________      ________      ________      ________      ________
      1        -1.559        -1.032        -0.141        -1.605        -1.058


           MEANS/INTERCEPTS/THRESHOLDS
              PAIR_COL      EXPLAIN_      EXPLAIN_      EXPLAIN_      WRITE_TE
              ________      ________      ________      ________      ________
      1        -0.150        -1.519        -0.983        -0.017        -1.629


           MEANS/INTERCEPTS/THRESHOLDS
              WRITE_TE      WRITE_TE
              ________      ________
      1        -1.040        -0.167


           CORRELATION MATRIX (WITH VARIANCES ON THE DIAGONAL)
              PROGRAMM      LOGICAL_      IDENTIFY      SEARCH_I      EVALUATE
              ________      ________      ________      ________      ________
 PROGRAMM
 LOGICAL_       0.784
 IDENTIFY       0.801         0.842
 SEARCH_I       0.202         0.313         0.315
 EVALUATE       0.316         0.413         0.413         0.872
 SHARE_CO       0.288         0.374         0.368         0.811         0.807
 PAIR_COL       0.305         0.382         0.367         0.735         0.715
 EXPLAIN_       0.375         0.454         0.460         0.735         0.718
 WRITE_TE       0.343         0.424         0.417         0.748         0.726


           CORRELATION MATRIX (WITH VARIANCES ON THE DIAGONAL)
              SHARE_CO      PAIR_COL      EXPLAIN_      WRITE_TE
              ________      ________      ________      ________
 PAIR_COL       0.807
 EXPLAIN_       0.776         0.795
 WRITE_TE       0.764         0.771         0.780


     STANDARD ERRORS FOR ESTIMATED SAMPLE STATISTICS


           S.E. FOR MEANS/INTERCEPTS/THRESHOLDS
              PROGRAMM      PROGRAMM      PROGRAMM      LOGICAL_      LOGICAL_
              ________      ________      ________      ________      ________
      1         0.021         0.019         0.020         0.022         0.019


           S.E. FOR MEANS/INTERCEPTS/THRESHOLDS
              LOGICAL_      IDENTIFY      IDENTIFY      IDENTIFY      SEARCH_I
              ________      ________      ________      ________      ________
      1         0.020         0.021         0.019         0.020         0.026


           S.E. FOR MEANS/INTERCEPTS/THRESHOLDS
              SEARCH_I      SEARCH_I      EVALUATE      EVALUATE      EVALUATE
              ________      ________      ________      ________      ________
      1         0.022         0.018         0.029         0.022         0.018


           S.E. FOR MEANS/INTERCEPTS/THRESHOLDS
              SHARE_CO      SHARE_CO      SHARE_CO      PAIR_COL      PAIR_COL
              ________      ________      ________      ________      ________
      1         0.029         0.022         0.018         0.030         0.022


           S.E. FOR MEANS/INTERCEPTS/THRESHOLDS
              PAIR_COL      EXPLAIN_      EXPLAIN_      EXPLAIN_      WRITE_TE
              ________      ________      ________      ________      ________
      1         0.018         0.028         0.022         0.018         0.031


           S.E. FOR MEANS/INTERCEPTS/THRESHOLDS
              WRITE_TE      WRITE_TE
              ________      ________
      1         0.022         0.018


           S.E. FOR CORRELATION MATRIX (WITH VARIANCES ON THE DIAGONAL)
              PROGRAMM      LOGICAL_      IDENTIFY      SEARCH_I      EVALUATE
              ________      ________      ________      ________      ________
 PROGRAMM
 LOGICAL_       0.005
 IDENTIFY       0.005         0.003
 SEARCH_I       0.018         0.017         0.017
 EVALUATE       0.016         0.014         0.014         0.004
 SHARE_CO       0.017         0.016         0.016         0.005         0.005
 PAIR_COL       0.017         0.016         0.016         0.007         0.008
 EXPLAIN_       0.016         0.014         0.014         0.007         0.007
 WRITE_TE       0.017         0.015         0.015         0.007         0.008


           S.E. FOR CORRELATION MATRIX (WITH VARIANCES ON THE DIAGONAL)
              SHARE_CO      PAIR_COL      EXPLAIN_      WRITE_TE
              ________      ________      ________      ________
 PAIR_COL       0.005
 EXPLAIN_       0.006         0.006
 WRITE_TE       0.006         0.006         0.006


     Beginning Time:  13:02:38
        Ending Time:  13:02:39
       Elapsed Time:  00:00:01



MUTHEN & MUTHEN
3463 Stoner Ave.
Los Angeles, CA  90066

Tel: (310) 391-9971
Fax: (310) 391-8971
Web: www.StatModel.com
Support: Support@StatModel.com

Copyright (c) 1998-2012 Muthen & Muthen
